[2021-09-14 10:12:08.474] [exthost] [info] extension host started
[2021-09-14 10:12:08.521] [exthost] [info] Lock '/home/ben/.config/Code - OSS/User/workspaceStorage/24a486e518795aa78b50f3bef6bd1d33/vscode.lock': Lock acquired.
[2021-09-14 10:12:08.752] [exthost] [info] ExtensionService#_doActivateExtension vscode.debug-auto-launch {"startup":true,"extensionId":{"value":"vscode.debug-auto-launch","_lower":"vscode.debug-auto-launch"},"activationEvent":"*"}
[2021-09-14 10:12:08.752] [exthost] [info] ExtensionService#loadCommonJSModule file:///usr/lib/code/extensions/debug-auto-launch/dist/extension
[2021-09-14 10:12:08.755] [exthost] [info] ExtensionService#_doActivateExtension vscode.git {"startup":true,"extensionId":{"value":"vscode.github","_lower":"vscode.github"},"activationEvent":"*"}
[2021-09-14 10:12:08.755] [exthost] [info] ExtensionService#loadCommonJSModule file:///usr/lib/code/extensions/git/dist/main
[2021-09-14 10:12:08.890] [exthost] [info] ExtensionService#_doActivateExtension vscode.github {"startup":true,"extensionId":{"value":"vscode.github","_lower":"vscode.github"},"activationEvent":"*"}
[2021-09-14 10:12:08.890] [exthost] [info] ExtensionService#loadCommonJSModule file:///usr/lib/code/extensions/github/dist/extension.js
[2021-09-14 10:12:08.968] [exthost] [info] ExtensionService#_doActivateExtension ms-vscode.js-debug {"startup":false,"extensionId":{"value":"ms-vscode.js-debug","_lower":"ms-vscode.js-debug"},"activationEvent":"onCommand:extension.js-debug.clearAutoAttachVariables"}
[2021-09-14 10:12:08.968] [exthost] [info] ExtensionService#loadCommonJSModule file:///usr/lib/code/extensions/ms-vscode.js-debug/src/extension.js
[2021-09-14 10:12:09.108] [exthost] [info] eager extensions activated
[2021-09-14 10:12:09.158] [exthost] [info] ExtensionService#_doActivateExtension vscode.emmet {"startup":false,"extensionId":{"value":"vscode.emmet","_lower":"vscode.emmet"},"activationEvent":"onStartupFinished"}
[2021-09-14 10:12:09.161] [exthost] [info] ExtensionService#loadCommonJSModule file:///usr/lib/code/extensions/emmet/dist/node/emmetNodeMain
[2021-09-14 10:12:09.167] [exthost] [info] ExtensionService#_doActivateExtension vscode.merge-conflict {"startup":false,"extensionId":{"value":"vscode.merge-conflict","_lower":"vscode.merge-conflict"},"activationEvent":"onStartupFinished"}
[2021-09-14 10:12:09.167] [exthost] [info] ExtensionService#loadCommonJSModule file:///usr/lib/code/extensions/merge-conflict/dist/mergeConflictMain
[2021-09-14 10:12:09.169] [exthost] [info] ExtensionService#_doActivateExtension vscode.testing-editor-contributions {"startup":false,"extensionId":{"value":"vscode.testing-editor-contributions","_lower":"vscode.testing-editor-contributions"},"activationEvent":"onStartupFinished"}
[2021-09-14 10:12:09.169] [exthost] [info] ExtensionService#loadCommonJSModule file:///usr/lib/code/extensions/testing-editor-contributions/dist/extension.js
[2021-09-14 10:18:00.468] [exthost] [info] extension host terminating: renderer closed the socket
[2021-09-14 10:18:00.468] [exthost] [info] Lock '/home/ben/.config/Code - OSS/User/workspaceStorage/24a486e518795aa78b50f3bef6bd1d33/vscode.lock': Marking the lockfile as scheduled to be released in 6000 ms.
[2021-09-14 10:18:01.480] [exthost] [info] exiting with code 0
