[2021-09-15 08:53:39.301] [exthost] [info] extension host started
[2021-09-15 08:53:39.305] [exthost] [error] Error: EEXIST: file already exists, open '/home/ben/.config/Code - OSS/User/workspaceStorage/24a486e518795aa78b50f3bef6bd1d33/vscode.lock'
[2021-09-15 08:53:39.327] [exthost] [info] Lock '/home/ben/.config/Code - OSS/User/workspaceStorage/24a486e518795aa78b50f3bef6bd1d33/vscode.lock': Could not acquire lock, checking if the file is stale.
[2021-09-15 08:53:39.328] [exthost] [info] Lock '/home/ben/.config/Code - OSS/User/workspaceStorage/24a486e518795aa78b50f3bef6bd1d33/vscode.lock': The pid 5373 appears to be gone.
[2021-09-15 08:53:39.328] [exthost] [info] Lock '/home/ben/.config/Code - OSS/User/workspaceStorage/24a486e518795aa78b50f3bef6bd1d33/vscode.lock': Deleting a stale lock.
[2021-09-15 08:53:39.329] [exthost] [info] Lock '/home/ben/.config/Code - OSS/User/workspaceStorage/24a486e518795aa78b50f3bef6bd1d33/vscode.lock': Lock acquired.
[2021-09-15 08:53:39.465] [exthost] [info] ExtensionService#_doActivateExtension vscode.debug-auto-launch {"startup":true,"extensionId":{"value":"vscode.debug-auto-launch","_lower":"vscode.debug-auto-launch"},"activationEvent":"*"}
[2021-09-15 08:53:39.465] [exthost] [info] ExtensionService#loadCommonJSModule file:///usr/lib/code/extensions/debug-auto-launch/dist/extension
[2021-09-15 08:53:39.470] [exthost] [info] ExtensionService#_doActivateExtension vscode.git {"startup":true,"extensionId":{"value":"vscode.github","_lower":"vscode.github"},"activationEvent":"*"}
[2021-09-15 08:53:39.470] [exthost] [info] ExtensionService#loadCommonJSModule file:///usr/lib/code/extensions/git/dist/main
[2021-09-15 08:53:39.630] [exthost] [info] ExtensionService#_doActivateExtension vscode.github {"startup":true,"extensionId":{"value":"vscode.github","_lower":"vscode.github"},"activationEvent":"*"}
[2021-09-15 08:53:39.630] [exthost] [info] ExtensionService#loadCommonJSModule file:///usr/lib/code/extensions/github/dist/extension.js
[2021-09-15 08:53:39.692] [exthost] [info] eager extensions activated
[2021-09-15 08:53:39.756] [exthost] [info] ExtensionService#_doActivateExtension ms-vscode.js-debug {"startup":false,"extensionId":{"value":"ms-vscode.js-debug","_lower":"ms-vscode.js-debug"},"activationEvent":"onCommand:extension.js-debug.clearAutoAttachVariables"}
[2021-09-15 08:53:39.756] [exthost] [info] ExtensionService#loadCommonJSModule file:///usr/lib/code/extensions/ms-vscode.js-debug/src/extension.js
[2021-09-15 08:53:39.888] [exthost] [info] ExtensionService#_doActivateExtension vscode.emmet {"startup":false,"extensionId":{"value":"vscode.emmet","_lower":"vscode.emmet"},"activationEvent":"onStartupFinished"}
[2021-09-15 08:53:39.888] [exthost] [info] ExtensionService#loadCommonJSModule file:///usr/lib/code/extensions/emmet/dist/node/emmetNodeMain
[2021-09-15 08:53:39.895] [exthost] [info] ExtensionService#_doActivateExtension vscode.merge-conflict {"startup":false,"extensionId":{"value":"vscode.merge-conflict","_lower":"vscode.merge-conflict"},"activationEvent":"onStartupFinished"}
[2021-09-15 08:53:39.895] [exthost] [info] ExtensionService#loadCommonJSModule file:///usr/lib/code/extensions/merge-conflict/dist/mergeConflictMain
[2021-09-15 08:53:39.899] [exthost] [info] ExtensionService#_doActivateExtension vscode.testing-editor-contributions {"startup":false,"extensionId":{"value":"vscode.testing-editor-contributions","_lower":"vscode.testing-editor-contributions"},"activationEvent":"onStartupFinished"}
[2021-09-15 08:53:39.899] [exthost] [info] ExtensionService#loadCommonJSModule file:///usr/lib/code/extensions/testing-editor-contributions/dist/extension.js
[2021-09-15 08:53:46.293] [exthost] [info] extension host terminating: renderer closed the socket
[2021-09-15 08:53:46.293] [exthost] [info] Lock '/home/ben/.config/Code - OSS/User/workspaceStorage/24a486e518795aa78b50f3bef6bd1d33/vscode.lock': Marking the lockfile as scheduled to be released in 6000 ms.
[2021-09-15 08:53:47.301] [exthost] [info] exiting with code 0
