[2021-09-15 08:53:39.295] [sharedprocess] [info] Deleted from disk dracula-theme.theme-dracula /home/ben/.vscode-oss/extensions/dracula-theme.theme-dracula-2.23.1
[2021-09-15 08:53:49.123] [sharedprocess] [info] [logs cleanup]: Starting to clean up old logs.
[2021-09-15 08:53:49.124] [sharedprocess] [info] [logs cleanup]: Removing log folders '20210914T091958'
[2021-09-15 08:54:09.119] [sharedprocess] [info] [code cache cleanup]: Starting to clean up old code cache folders.
[2021-09-15 08:54:09.120] [sharedprocess] [info] [storage cleanup]: Starting to clean up storage folders.
[2021-09-15 08:54:19.119] [sharedprocess] [info] [language pack cache cleanup]: Starting to clean up unused language packs.
[2021-09-15 09:19:22.134] [sharedprocess] [warning] Resolved variables received without matching request 31
[2021-09-15 09:19:22.135] [sharedprocess] [warning] Resolved variables received without matching request 32
[2021-09-15 09:19:22.135] [sharedprocess] [warning] Resolved variables received without matching request 33
[2021-09-15 09:19:22.136] [sharedprocess] [warning] Resolved variables received without matching request 34
[2021-09-15 09:19:22.138] [sharedprocess] [warning] Resolved variables received without matching request 35
[2021-09-15 09:19:24.103] [sharedprocess] [warning] Resolved variables received without matching request 36
[2021-09-15 09:19:24.104] [sharedprocess] [warning] Resolved variables received without matching request 37
[2021-09-15 09:19:24.107] [sharedprocess] [warning] Resolved variables received without matching request 38
[2021-09-15 09:19:24.111] [sharedprocess] [warning] Resolved variables received without matching request 39
[2021-09-15 09:19:24.115] [sharedprocess] [warning] Resolved variables received without matching request 40
[2021-09-15 10:53:47.967] [sharedprocess] [warning] Resolved variables received without matching request 41
[2021-09-15 10:53:48.024] [sharedprocess] [warning] Resolved variables received without matching request 42
[2021-09-15 10:53:48.025] [sharedprocess] [warning] Resolved variables received without matching request 43
[2021-09-15 10:53:48.025] [sharedprocess] [warning] Resolved variables received without matching request 44
[2021-09-15 10:53:48.025] [sharedprocess] [warning] Resolved variables received without matching request 45
[2021-09-15 10:56:06.504] [sharedprocess] [warning] Resolved variables received without matching request 46
[2021-09-15 10:56:06.507] [sharedprocess] [warning] Resolved variables received without matching request 47
[2021-09-15 10:56:06.508] [sharedprocess] [warning] Resolved variables received without matching request 48
[2021-09-15 10:56:06.508] [sharedprocess] [warning] Resolved variables received without matching request 49
[2021-09-15 10:56:06.509] [sharedprocess] [warning] Resolved variables received without matching request 50
[2021-09-15 10:56:08.470] [sharedprocess] [warning] Resolved variables received without matching request 51
[2021-09-15 10:56:08.472] [sharedprocess] [warning] Resolved variables received without matching request 52
[2021-09-15 10:56:08.475] [sharedprocess] [warning] Resolved variables received without matching request 53
[2021-09-15 10:56:08.479] [sharedprocess] [warning] Resolved variables received without matching request 54
[2021-09-15 10:56:08.480] [sharedprocess] [warning] Resolved variables received without matching request 55
