[2021-09-09 09:49:21.206] [exthost] [info] extension host started
[2021-09-09 09:49:21.208] [exthost] [error] Error: EEXIST: file already exists, open '/home/ben/.config/Code - OSS/User/workspaceStorage/24a486e518795aa78b50f3bef6bd1d33/vscode.lock'
[2021-09-09 09:49:21.217] [exthost] [info] Lock '/home/ben/.config/Code - OSS/User/workspaceStorage/24a486e518795aa78b50f3bef6bd1d33/vscode.lock': Could not acquire lock, checking if the file is stale.
[2021-09-09 09:49:21.217] [exthost] [info] Lock '/home/ben/.config/Code - OSS/User/workspaceStorage/24a486e518795aa78b50f3bef6bd1d33/vscode.lock': The pid 2637 appears to be gone.
[2021-09-09 09:49:21.217] [exthost] [info] Lock '/home/ben/.config/Code - OSS/User/workspaceStorage/24a486e518795aa78b50f3bef6bd1d33/vscode.lock': Deleting a stale lock.
[2021-09-09 09:49:21.218] [exthost] [info] Lock '/home/ben/.config/Code - OSS/User/workspaceStorage/24a486e518795aa78b50f3bef6bd1d33/vscode.lock': Lock acquired.
[2021-09-09 09:49:21.383] [exthost] [info] ExtensionService#_doActivateExtension vscode.debug-auto-launch {"startup":true,"extensionId":{"value":"vscode.debug-auto-launch","_lower":"vscode.debug-auto-launch"},"activationEvent":"*"}
[2021-09-09 09:49:21.383] [exthost] [info] ExtensionService#loadCommonJSModule file:///usr/lib/code/extensions/debug-auto-launch/dist/extension
[2021-09-09 09:49:21.388] [exthost] [info] ExtensionService#_doActivateExtension vscode.git {"startup":true,"extensionId":{"value":"vscode.github","_lower":"vscode.github"},"activationEvent":"*"}
[2021-09-09 09:49:21.388] [exthost] [info] ExtensionService#loadCommonJSModule file:///usr/lib/code/extensions/git/dist/main
[2021-09-09 09:49:21.555] [exthost] [info] ExtensionService#_doActivateExtension vscode.github {"startup":true,"extensionId":{"value":"vscode.github","_lower":"vscode.github"},"activationEvent":"*"}
[2021-09-09 09:49:21.555] [exthost] [info] ExtensionService#loadCommonJSModule file:///usr/lib/code/extensions/github/dist/extension.js
[2021-09-09 09:49:21.576] [exthost] [info] eager extensions activated
[2021-09-09 09:49:21.591] [exthost] [info] ExtensionService#_doActivateExtension ms-vscode.js-debug {"startup":false,"extensionId":{"value":"ms-vscode.js-debug","_lower":"ms-vscode.js-debug"},"activationEvent":"onCommand:extension.js-debug.clearAutoAttachVariables"}
[2021-09-09 09:49:21.591] [exthost] [info] ExtensionService#loadCommonJSModule file:///usr/lib/code/extensions/ms-vscode.js-debug/src/extension.js
[2021-09-09 09:49:21.742] [exthost] [info] ExtensionService#_doActivateExtension vscode.emmet {"startup":false,"extensionId":{"value":"vscode.emmet","_lower":"vscode.emmet"},"activationEvent":"onStartupFinished"}
[2021-09-09 09:49:21.742] [exthost] [info] ExtensionService#loadCommonJSModule file:///usr/lib/code/extensions/emmet/dist/node/emmetNodeMain
[2021-09-09 09:49:21.749] [exthost] [info] ExtensionService#_doActivateExtension vscode.merge-conflict {"startup":false,"extensionId":{"value":"vscode.merge-conflict","_lower":"vscode.merge-conflict"},"activationEvent":"onStartupFinished"}
[2021-09-09 09:49:21.749] [exthost] [info] ExtensionService#loadCommonJSModule file:///usr/lib/code/extensions/merge-conflict/dist/mergeConflictMain
[2021-09-09 09:49:21.762] [exthost] [info] ExtensionService#_doActivateExtension vscode.testing-editor-contributions {"startup":false,"extensionId":{"value":"vscode.testing-editor-contributions","_lower":"vscode.testing-editor-contributions"},"activationEvent":"onStartupFinished"}
[2021-09-09 09:49:21.762] [exthost] [info] ExtensionService#loadCommonJSModule file:///usr/lib/code/extensions/testing-editor-contributions/dist/extension.js
[2021-09-09 09:52:17.234] [exthost] [info] extension host terminating: renderer closed the socket
[2021-09-09 09:52:17.235] [exthost] [info] Lock '/home/ben/.config/Code - OSS/User/workspaceStorage/24a486e518795aa78b50f3bef6bd1d33/vscode.lock': Marking the lockfile as scheduled to be released in 6000 ms.
[2021-09-09 09:52:18.243] [exthost] [info] exiting with code 0
