Looking for git in: git
Using git 2.33.0 from git
> git rev-parse --git-dir
Open repository: /home/ben/.config
> git status -z -u
> git symbolic-ref --short HEAD
> git for-each-ref --format=%(refname)%00%(upstream:short)%00%(objectname)%00%(upstream:track) refs/heads/main refs/remotes/main
> git for-each-ref --sort -committerdate --format %(refname) %(objectname) %(*objectname)
> git remote --verbose
> git config --get commit.template
> git show --textconv :qtile/config.py
> git ls-files --stage -- /home/ben/.config/qtile/config.py
> git cat-file -s e4e1e762a48bebb77c0d424e4e7ef778f9e52994
> git check-ignore -v -z --stdin
> git status -z -u
> git symbolic-ref --short HEAD
> git for-each-ref --format=%(refname)%00%(upstream:short)%00%(objectname)%00%(upstream:track) refs/heads/main refs/remotes/main
> git for-each-ref --sort -committerdate --format %(refname) %(objectname) %(*objectname)
> git remote --verbose
> git config --get commit.template
> git ls-files --stage -- /home/ben/.config/qtile/config.py
> git cat-file -s 467b4dae887924847a712485eee31cb3ca0ab49d
> git show --textconv :qtile/config.py
