[2021-09-14 10:54:55.290] [sharedprocess] [info] [logs cleanup]: Starting to clean up old logs.
[2021-09-14 10:54:55.291] [sharedprocess] [info] [logs cleanup]: Removing log folders '20210910T112900, 20210910T114648'
[2021-09-14 10:55:15.290] [sharedprocess] [info] [code cache cleanup]: Starting to clean up old code cache folders.
[2021-09-14 10:55:15.291] [sharedprocess] [info] [storage cleanup]: Starting to clean up storage folders.
[2021-09-14 10:55:25.289] [sharedprocess] [info] [language pack cache cleanup]: Starting to clean up unused language packs.
[2021-09-14 11:05:49.820] [sharedprocess] [warning] Resolved variables received without matching request 11
[2021-09-14 11:05:49.821] [sharedprocess] [warning] Resolved variables received without matching request 12
[2021-09-14 11:05:49.821] [sharedprocess] [warning] Resolved variables received without matching request 13
[2021-09-14 11:05:49.822] [sharedprocess] [warning] Resolved variables received without matching request 14
[2021-09-14 11:05:49.823] [sharedprocess] [warning] Resolved variables received without matching request 15
[2021-09-14 11:05:51.789] [sharedprocess] [warning] Resolved variables received without matching request 16
[2021-09-14 11:05:51.792] [sharedprocess] [warning] Resolved variables received without matching request 17
[2021-09-14 11:05:51.798] [sharedprocess] [warning] Resolved variables received without matching request 18
[2021-09-14 11:05:51.803] [sharedprocess] [warning] Resolved variables received without matching request 19
[2021-09-14 11:05:51.806] [sharedprocess] [warning] Resolved variables received without matching request 20
[2021-09-14 11:44:24.854] [sharedprocess] [warning] Resolved variables received without matching request 21
[2021-09-14 11:44:24.857] [sharedprocess] [warning] Resolved variables received without matching request 22
[2021-09-14 11:44:24.860] [sharedprocess] [warning] Resolved variables received without matching request 23
[2021-09-14 11:44:24.863] [sharedprocess] [warning] Resolved variables received without matching request 24
[2021-09-14 11:44:24.864] [sharedprocess] [warning] Resolved variables received without matching request 25
[2021-09-14 11:44:24.874] [sharedprocess] [warning] Resolved variables received without matching request 21
[2021-09-14 11:44:24.879] [sharedprocess] [warning] Resolved variables received without matching request 22
[2021-09-14 11:44:24.879] [sharedprocess] [warning] Resolved variables received without matching request 23
[2021-09-14 11:44:24.880] [sharedprocess] [warning] Resolved variables received without matching request 24
[2021-09-14 11:44:24.880] [sharedprocess] [warning] Resolved variables received without matching request 25
[2021-09-14 11:44:26.844] [sharedprocess] [warning] Resolved variables received without matching request 26
[2021-09-14 11:44:26.845] [sharedprocess] [warning] Resolved variables received without matching request 26
[2021-09-14 11:44:26.847] [sharedprocess] [warning] Resolved variables received without matching request 27
[2021-09-14 11:44:26.847] [sharedprocess] [warning] Resolved variables received without matching request 27
[2021-09-14 11:44:26.850] [sharedprocess] [warning] Resolved variables received without matching request 28
[2021-09-14 11:44:26.850] [sharedprocess] [warning] Resolved variables received without matching request 28
[2021-09-14 11:44:26.853] [sharedprocess] [warning] Resolved variables received without matching request 29
[2021-09-14 11:44:26.854] [sharedprocess] [warning] Resolved variables received without matching request 29
[2021-09-14 11:44:26.855] [sharedprocess] [warning] Resolved variables received without matching request 30
[2021-09-14 11:44:26.855] [sharedprocess] [warning] Resolved variables received without matching request 30
